Mage.Freeze.Pyro>Warlock.Zoo.Murloc
Mage.Freeze.Pyro>Shaman.Midrange.Overload
Mage.Freeze.Pyro<Warlock.Zoo
Warlock.Zoo>Rouge.Miracle.Aggro
Warlock.Zoo<Druid.Ramp
Druid.Ramp<Priest.Wombo
Priest.Wombo>Paladin.Midrange
Priest.Wombo<Rouge.Miracle.Aggro
Mage.Freeze.Pyro>Warlock.Zoo
Rouge.Miracle>Shaman.Midrange.Overload
Mage.Freeze.Pyro>Rouge.Miracle.Aggro
Mage.Freeze.Pyro>Priest.Control
Mage.Freeze.Pyro<Rouge.Tempo
Druid.Ramp>Hunter.Midrange.Lifecoach
Warlock.Zoo<Shaman.Midrange.Overload
Rouge.Miracle<Shaman.Midrange.Overload
Druid.Ramp<Mage.Combo.Spells
Mage.Freeze.Pyro>Warlock.Zoo
Rouge.Tempo>Mage.Combo.Spells
Priest.Wombo<Shaman.Totem.Bloodlust
Rouge.Tempo>Rouge.Tempo
Rouge.Tempo>Priest.Giants
Mage.Freeze.Pyro>Rouge.Miracle
Rouge.Tempo>Rouge.Miracle
